<?xml version="1.0" encoding="UTF-8"?>
<testng-results skipped="0" failed="0" total="1" passed="1">
  <reporter-output>
  </reporter-output>
  <suite name="Suite" duration-ms="14878" started-at="2018-12-26T13:31:12Z" finished-at="2018-12-26T13:31:27Z">
    <groups>
    </groups>
    <test name="Test" duration-ms="14878" started-at="2018-12-26T13:31:12Z" finished-at="2018-12-26T13:31:27Z">
      <class name="testNG.Amazon">
        <test-method status="PASS" signature="openURL()[pri:0, instance:testNG.Amazon@548b7f67]" name="openURL" is-config="true" duration-ms="8399" started-at="2018-12-26T19:01:12Z" finished-at="2018-12-26T19:01:20Z">
          <reporter-output>
          </reporter-output>
        </test-method> <!-- openURL -->
        <test-method status="PASS" signature="iphone6()[pri:0, instance:testNG.Amazon@548b7f67]" name="iphone6" duration-ms="4254" started-at="2018-12-26T19:01:20Z" finished-at="2018-12-26T19:01:25Z">
          <reporter-output>
          </reporter-output>
        </test-method> <!-- iphone6 -->
        <test-method status="PASS" signature="closeBrowser()[pri:0, instance:testNG.Amazon@548b7f67]" name="closeBrowser" is-config="true" duration-ms="2203" started-at="2018-12-26T19:01:25Z" finished-at="2018-12-26T19:01:27Z">
          <reporter-output>
          </reporter-output>
        </test-method> <!-- closeBrowser -->
      </class> <!-- testNG.Amazon -->
    </test> <!-- Test -->
  </suite> <!-- Suite -->
</testng-results>
